#
# There is insufficient memory for the Java Runtime Environment to continue.
# Native memory allocation (mmap) failed to map 80740352 bytes for committing reserved memory.
# Possible reasons:
#   The system is out of physical RAM or swap space
#   In 32 bit mode, the process size limit was hit
# Possible solutions:
#   Reduce memory load on the system
#   Increase physical memory or swap space
#   Check if swap backing store is full
#   Use 64 bit Java on a 64 bit OS
#   Decrease Java heap size (-Xmx/-Xms)
#   Decrease number of Java threads
#   Decrease Java thread stack sizes (-Xss)
#   Set larger code cache with -XX:ReservedCodeCacheSize=
# This output file may be truncated or incomplete.
#
#  Out of Memory Error (os_linux.cpp:2630), pid=4443, tid=0x00007f3fe4b5a700
#
# JRE version: OpenJDK Runtime Environment (8.0_121-b13) (build 1.8.0_121-8u121-b13-0ubuntu1.16.04.2-b13)
# Java VM: OpenJDK 64-Bit Server VM (25.121-b13 mixed mode linux-amd64 compressed oops)
# Failed to write core dump. Core dumps have been disabled. To enable core dumping, try "ulimit -c unlimited" before starting Java again
#

---------------  T H R E A D  ---------------

Current thread (0x00007f3ff807d800):  VMThread [stack: 0x00007f3fe4a5a000,0x00007f3fe4b5b000] [id=4449]

Stack: [0x00007f3fe4a5a000,0x00007f3fe4b5b000],  sp=0x00007f3fe4b594c0,  free space=1021k
Native frames: (J=compiled Java code, j=interpreted, Vv=VM code, C=native code)
V  [libjvm.so+0xa6647b]
V  [libjvm.so+0x4c32dc]
V  [libjvm.so+0x8b4b60]
V  [libjvm.so+0x8aefde]
V  [libjvm.so+0x929a16]
V  [libjvm.so+0x92ad43]
V  [libjvm.so+0x9273f3]
V  [libjvm.so+0x9276bc]
V  [libjvm.so+0x8d9553]
V  [libjvm.so+0xa68132]
V  [libjvm.so+0xa6d217]
V  [libjvm.so+0xa6a9e7]
V  [libjvm.so+0xa6be6f]
V  [libjvm.so+0xa6c361]
V  [libjvm.so+0x8b2042]

VM_Operation (0x00007f3fdfa893f0): ParallelGCFailedAllocation, mode: safepoint, requested by thread 0x00007f3fa000a800


---------------  P R O C E S S  ---------------

Java Threads: ( => current thread )
  0x00007f3fa40db800 JavaThread "background-preinit" [_thread_blocked, id=4461, stack(0x00007f3fdef67000,0x00007f3fdf068000)]
  0x00007f3fa000a800 JavaThread "restartedMain" [_thread_blocked, id=4460, stack(0x00007f3fdf98b000,0x00007f3fdfa8c000)]
  0x00007f3ff8872800 JavaThread "Thread-0" [_thread_blocked, id=4459, stack(0x00007f3fdfa8c000,0x00007f3fdfb8d000)]
  0x00007f3ff80bf000 JavaThread "Service Thread" daemon [_thread_blocked, id=4456, stack(0x00007f3fe407b000,0x00007f3fe417c000)]
  0x00007f3ff80b7800 JavaThread "C1 CompilerThread2" daemon [_thread_blocked, id=4455, stack(0x00007f3fe417c000,0x00007f3fe427d000)]
  0x00007f3ff80b6000 JavaThread "C2 CompilerThread1" daemon [_thread_blocked, id=4454, stack(0x00007f3fe427d000,0x00007f3fe437e000)]
  0x00007f3ff80b3000 JavaThread "C2 CompilerThread0" daemon [_thread_blocked, id=4453, stack(0x00007f3fe437e000,0x00007f3fe447f000)]
  0x00007f3ff80b1000 JavaThread "Signal Dispatcher" daemon [_thread_blocked, id=4452, stack(0x00007f3fe447f000,0x00007f3fe4580000)]
  0x00007f3ff808a000 JavaThread "Finalizer" daemon [_thread_blocked, id=4451, stack(0x00007f3fe4858000,0x00007f3fe4959000)]
  0x00007f3ff8085800 JavaThread "Reference Handler" daemon [_thread_blocked, id=4450, stack(0x00007f3fe4959000,0x00007f3fe4a5a000)]
  0x00007f3ff8010800 JavaThread "main" [_thread_blocked, id=4444, stack(0x00007f3fff51e000,0x00007f3fff61f000)]

Other Threads:
=>0x00007f3ff807d800 VMThread [stack: 0x00007f3fe4a5a000,0x00007f3fe4b5b000] [id=4449]
  0x00007f3ff80c1800 WatcherThread [stack: 0x00007f3fdfeff000,0x00007f3fe0000000] [id=4457]

VM state:at safepoint (normal execution)

VM Mutex/Monitor currently owned by a thread:  ([mutex/lock_event])
[0x00007f3ff800c910] Threads_lock - owner thread: 0x00007f3ff807d800
[0x00007f3ff800ce10] Heap_lock - owner thread: 0x00007f3fa000a800

Heap:
 PSYoungGen      total 64000K, used 2557K [0x00000000ec500000, 0x00000000f0600000, 0x0000000100000000)
  eden space 61440K, 0% used [0x00000000ec500000,0x00000000ec500000,0x00000000f0100000)
  from space 2560K, 99% used [0x00000000f0100000,0x00000000f037f410,0x00000000f0380000)
  to   space 2560K, 0% used [0x00000000f0380000,0x00000000f0380000,0x00000000f0600000)
 ParOldGen       total 40960K, used 14209K [0x00000000c4e00000, 0x00000000c7600000, 0x00000000ec500000)
  object space 40960K, 34% used [0x00000000c4e00000,0x00000000c5be0730,0x00000000c7600000)
 Metaspace       used 18159K, capacity 18396K, committed 18688K, reserved 1064960K
  class space    used 2190K, capacity 2261K, committed 2304K, reserved 1048576K

Card table byte_map: [0x00007f3fe885d000,0x00007f3fe8a37000] byte_map_base: 0x00007f3fe8236000

Marking Bits: (ParMarkBitMap*) 0x00007f3ffe7ef220
 Begin Bits: [0x00007f3fe66c9000, 0x00007f3fe7591000)
 End Bits:   [0x00007f3fe7591000, 0x00007f3fe8459000)

Polling page: 0x00007f3fff641000

CodeCache: size=245760Kb used=5865Kb max_used=5874Kb free=239894Kb
 bounds [0x00007f3fe8df7000, 0x00007f3fe93c7000, 0x00007f3ff7df7000]
 total_blobs=1890 nmethods=1547 adapters=258
 compilation: enabled

Compilation events (10 events):
Event: 11.647 Thread 0x00007f3ff80b6000 1556  s    4       java.util.Hashtable::get (69 bytes)
Event: 11.647 Thread 0x00007f3ff80b7800 nmethod 1554 0x00007f3fe939ea10 code [0x00007f3fe939eb80, 0x00007f3fe939ed88]
Event: 11.647 Thread 0x00007f3ff80b7800 1555       3       org.springframework.boot.autoconfigure.AutoConfigurationMetadataLoader$PropertiesAutoConfigurationMetadata::get (8 bytes)
Event: 11.648 Thread 0x00007f3ff80b7800 nmethod 1555 0x00007f3fe93b7c90 code [0x00007f3fe93b7e00, 0x00007f3fe93b7fa8]
Event: 11.650 Thread 0x00007f3ff80b3000 nmethod 1553 0x00007f3fe93b4a90 code [0x00007f3fe93b4be0, 0x00007f3fe93b4d98]
Event: 11.656 Thread 0x00007f3ff80b7800 1557       3       java.lang.Character::digit (6 bytes)
Event: 11.657 Thread 0x00007f3ff80b7800 nmethod 1557 0x00007f3fe93b4550 code [0x00007f3fe93b46e0, 0x00007f3fe93b4978]
Event: 11.657 Thread 0x00007f3ff80b7800 1558       3       java.lang.Character::digit (10 bytes)
Event: 11.658 Thread 0x00007f3ff80b7800 nmethod 1558 0x00007f3fe93b40d0 code [0x00007f3fe93b4240, 0x00007f3fe93b4478]
Event: 11.658 Thread 0x00007f3ff80b7800 1559       3       org.springframework.boot.autoconfigure.AutoConfigurationMetadataLoader$PropertiesAutoConfigurationMetadata::get (44 bytes)

GC Heap History (9 events):
Event: 2.677 GC heap before
{Heap before GC invocations=1 (full 0):
 PSYoungGen      total 17920K, used 15360K [0x00000000ec500000, 0x00000000ed900000, 0x0000000100000000)
  eden space 15360K, 100% used [0x00000000ec500000,0x00000000ed400000,0x00000000ed400000)
  from space 2560K, 0% used [0x00000000ed680000,0x00000000ed680000,0x00000000ed900000)
  to   space 2560K, 0% used [0x00000000ed400000,0x00000000ed400000,0x00000000ed680000)
 ParOldGen       total 40960K, used 0K [0x00000000c4e00000, 0x00000000c7600000, 0x00000000ec500000)
  object space 40960K, 0% used [0x00000000c4e00000,0x00000000c4e00000,0x00000000c7600000)
 Metaspace       used 5723K, capacity 5834K, committed 6144K, reserved 1056768K
  class space    used 649K, capacity 689K, committed 768K, reserved 1048576K
Event: 2.727 GC heap after
Heap after GC invocations=1 (full 0):
 PSYoungGen      total 17920K, used 2556K [0x00000000ec500000, 0x00000000ee800000, 0x0000000100000000)
  eden space 15360K, 0% used [0x00000000ec500000,0x00000000ec500000,0x00000000ed400000)
  from space 2560K, 99% used [0x00000000ed400000,0x00000000ed67f028,0x00000000ed680000)
  to   space 2560K, 0% used [0x00000000ee580000,0x00000000ee580000,0x00000000ee800000)
 ParOldGen       total 40960K, used 222K [0x00000000c4e00000, 0x00000000c7600000, 0x00000000ec500000)
  object space 40960K, 0% used [0x00000000c4e00000,0x00000000c4e37af8,0x00000000c7600000)
 Metaspace       used 5723K, capacity 5834K, committed 6144K, reserved 1056768K
  class space    used 649K, capacity 689K, committed 768K, reserved 1048576K
}
Event: 3.162 GC heap before
{Heap before GC invocations=2 (full 0):
 PSYoungGen      total 17920K, used 17909K [0x00000000ec500000, 0x00000000ee800000, 0x0000000100000000)
  eden space 15360K, 99% used [0x00000000ec500000,0x00000000ed3fe4b8,0x00000000ed400000)
  from space 2560K, 99% used [0x00000000ed400000,0x00000000ed67f028,0x00000000ed680000)
  to   space 2560K, 0% used [0x00000000ee580000,0x00000000ee580000,0x00000000ee800000)
 ParOldGen       total 40960K, used 222K [0x00000000c4e00000, 0x00000000c7600000, 0x00000000ec500000)
  object space 40960K, 0% used [0x00000000c4e00000,0x00000000c4e37af8,0x00000000c7600000)
 Metaspace       used 6301K, capacity 6422K, committed 6656K, reserved 1056768K
  class space    used 718K, capacity 755K, committed 768K, reserved 1048576K
Event: 3.174 GC heap after
Heap after GC invocations=2 (full 0):
 PSYoungGen      total 33280K, used 2538K [0x00000000ec500000, 0x00000000ee800000, 0x0000000100000000)
  eden space 30720K, 0% used [0x00000000ec500000,0x00000000ec500000,0x00000000ee300000)
  from space 2560K, 99% used [0x00000000ee580000,0x00000000ee7fa9f0,0x00000000ee800000)
  to   space 2560K, 0% used [0x00000000ee300000,0x00000000ee300000,0x00000000ee580000)
 ParOldGen       total 40960K, used 540K [0x00000000c4e00000, 0x00000000c7600000, 0x00000000ec500000)
  object space 40960K, 1% used [0x00000000c4e00000,0x00000000c4e87290,0x00000000c7600000)
 Metaspace       used 6301K, capacity 6422K, committed 6656K, reserved 1056768K
  class space    used 718K, capacity 755K, committed 768K, reserved 1048576K
}
Event: 4.037 GC heap before
{Heap before GC invocations=3 (full 0):
 PSYoungGen      total 33280K, used 33258K [0x00000000ec500000, 0x00000000ee800000, 0x0000000100000000)
  eden space 30720K, 100% used [0x00000000ec500000,0x00000000ee300000,0x00000000ee300000)
  from space 2560K, 99% used [0x00000000ee580000,0x00000000ee7fa9f0,0x00000000ee800000)
  to   space 2560K, 0% used [0x00000000ee300000,0x00000000ee300000,0x00000000ee580000)
 ParOldGen       total 40960K, used 540K [0x00000000c4e00000, 0x00000000c7600000, 0x00000000ec500000)
  object space 40960K, 1% used [0x00000000c4e00000,0x00000000c4e87290,0x00000000c7600000)
 Metaspace       used 7265K, capacity 7356K, committed 7552K, reserved 1056768K
  class space    used 832K, capacity 853K, committed 896K, reserved 1048576K
Event: 4.047 GC heap after
Heap after GC invocations=3 (full 0):
 PSYoungGen      total 33280K, used 2534K [0x00000000ec500000, 0x00000000f0600000, 0x0000000100000000)
  eden space 30720K, 0% used [0x00000000ec500000,0x00000000ec500000,0x00000000ee300000)
  from space 2560K, 99% used [0x00000000ee300000,0x00000000ee579b88,0x00000000ee580000)
  to   space 2560K, 0% used [0x00000000f0380000,0x00000000f0380000,0x00000000f0600000)
 ParOldGen       total 40960K, used 1607K [0x00000000c4e00000, 0x00000000c7600000, 0x00000000ec500000)
  object space 40960K, 3% used [0x00000000c4e00000,0x00000000c4f91e28,0x00000000c7600000)
 Metaspace       used 7265K, capacity 7356K, committed 7552K, reserved 1056768K
  class space    used 832K, capacity 853K, committed 896K, reserved 1048576K
}
Event: 6.425 GC heap before
{Heap before GC invocations=4 (full 0):
 PSYoungGen      total 33280K, used 33254K [0x00000000ec500000, 0x00000000f0600000, 0x0000000100000000)
  eden space 30720K, 100% used [0x00000000ec500000,0x00000000ee300000,0x00000000ee300000)
  from space 2560K, 99% used [0x00000000ee300000,0x00000000ee579b88,0x00000000ee580000)
  to   space 2560K, 0% used [0x00000000f0380000,0x00000000f0380000,0x00000000f0600000)
 ParOldGen       total 40960K, used 1607K [0x00000000c4e00000, 0x00000000c7600000, 0x00000000ec500000)
  object space 40960K, 3% used [0x00000000c4e00000,0x00000000c4f91e28,0x00000000c7600000)
 Metaspace       used 10644K, capacity 10748K, committed 10880K, reserved 1058816K
  class space    used 1326K, capacity 1365K, committed 1408K, reserved 1048576K
Event: 6.459 GC heap after
Heap after GC invocations=4 (full 0):
 PSYoungGen      total 64000K, used 2554K [0x00000000ec500000, 0x00000000f0600000, 0x0000000100000000)
  eden space 61440K, 0% used [0x00000000ec500000,0x00000000ec500000,0x00000000f0100000)
  from space 2560K, 99% used [0x00000000f0380000,0x00000000f05fe8f0,0x00000000f0600000)
  to   space 2560K, 0% used [0x00000000f0100000,0x00000000f0100000,0x00000000f0380000)
 ParOldGen       total 40960K, used 4589K [0x00000000c4e00000, 0x00000000c7600000, 0x00000000ec500000)
  object space 40960K, 11% used [0x00000000c4e00000,0x00000000c527b7f0,0x00000000c7600000)
 Metaspace       used 10644K, capacity 10748K, committed 10880K, reserved 1058816K
  class space    used 1326K, capacity 1365K, committed 1408K, reserved 1048576K
}
Event: 11.659 GC heap before
{Heap before GC invocations=5 (full 0):
 PSYoungGen      total 64000K, used 63994K [0x00000000ec500000, 0x00000000f0600000, 0x0000000100000000)
  eden space 61440K, 100% used [0x00000000ec500000,0x00000000f0100000,0x00000000f0100000)
  from space 2560K, 99% used [0x00000000f0380000,0x00000000f05fe8f0,0x00000000f0600000)
  to   space 2560K, 0% used [0x00000000f0100000,0x00000000f0100000,0x00000000f0380000)
 ParOldGen       total 40960K, used 4589K [0x00000000c4e00000, 0x00000000c7600000, 0x00000000ec500000)
  object space 40960K, 11% used [0x00000000c4e00000,0x00000000c527b7f0,0x00000000c7600000)
 Metaspace       used 18159K, capacity 18396K, committed 18688K, reserved 1064960K
  class space    used 2190K, capacity 2261K, committed 2304K, reserved 1048576K

Deoptimization events (10 events):
Event: 7.475 Thread 0x00007f3fa40db800 Uncommon trap: reason=unstable_if action=reinterpret pc=0x00007f3fe90b083c method=java.util.Properties$LineReader.readLine()I @ 252
Event: 7.475 Thread 0x00007f3fa40db800 Uncommon trap: reason=unstable_if action=reinterpret pc=0x00007f3fe9091de8 method=java.util.Properties$LineReader.readLine()I @ 252
Event: 7.480 Thread 0x00007f3fa40db800 Uncommon trap: reason=unstable_if action=reinterpret pc=0x00007f3fe90abde4 method=sun.net.www.ParseUtil.encodePath(Ljava/lang/String;Z)Ljava/lang/String; @ 109
Event: 7.511 Thread 0x00007f3fa000a800 Uncommon trap: reason=bimorphic action=maybe_recompile pc=0x00007f3fe91284f0 method=java.util.regex.Pattern$BmpCharProperty.match(Ljava/util/regex/Matcher;ILjava/lang/CharSequence;)Z @ 31
Event: 8.015 Thread 0x00007f3fa000a800 Uncommon trap: reason=class_check action=maybe_recompile pc=0x00007f3fe9140c54 method=java.util.HashMap.putVal(ILjava/lang/Object;Ljava/lang/Object;ZZ)Ljava/lang/Object; @ 203
Event: 8.016 Thread 0x00007f3fa000a800 Uncommon trap: reason=class_check action=maybe_recompile pc=0x00007f3fe9140c54 method=java.util.HashMap.putVal(ILjava/lang/Object;Ljava/lang/Object;ZZ)Ljava/lang/Object; @ 203
Event: 8.977 Thread 0x00007f3fa40db800 Uncommon trap: reason=unstable_if action=reinterpret pc=0x00007f3fe926c520 method=com.sun.org.apache.xerces.internal.impl.XMLEntityScanner.scanLiteral(ILcom/sun/org/apache/xerces/internal/xni/XMLString;Z)I @ 570
Event: 9.110 Thread 0x00007f3fa40db800 Uncommon trap: reason=unstable_if action=reinterpret pc=0x00007f3fe928de80 method=com.sun.org.apache.xerces.internal.impl.XMLEntityScanner.skipSpaces()Z @ 125
Event: 9.196 Thread 0x00007f3fa40db800 Uncommon trap: reason=unstable_if action=reinterpret pc=0x00007f3fe92e64f4 method=com.sun.org.apache.xerces.internal.util.SymbolTable.addSymbol([CII)Ljava/lang/String; @ 38
Event: 9.404 Thread 0x00007f3fa000a800 Uncommon trap: reason=class_check action=maybe_recompile pc=0x00007f3fe9140c54 method=java.util.HashMap.putVal(ILjava/lang/Object;Ljava/lang/Object;ZZ)Ljava/lang/Object; @ 203

Internal exceptions (10 events):
Event: 4.898 Thread 0x00007f3fa000a800 Exception <a 'java/lang/ClassNotFoundException': org/springframework/boot/SpringApplicationBeanInfo> (0x00000000ed2aead0) thrown at [/build/openjdk-8-YiEakL/openjdk-8-8u121-b13/src/hotspot/src/share/vm/classfile/systemDictionary.cpp, line 210]
Event: 4.899 Thread 0x00007f3fa000a800 Exception <a 'java/lang/ClassNotFoundException': org/springframework/boot/SpringApplicationCustomizer> (0x00000000ed2cf1c0) thrown at [/build/openjdk-8-YiEakL/openjdk-8-8u121-b13/src/hotspot/src/share/vm/classfile/systemDictionary.cpp, line 210]
Event: 5.583 Thread 0x00007f3fa40db800 Implicit null exception at 0x00007f3fe909fb6b to 0x00007f3fe90a22f5
Event: 7.355 Thread 0x00007f3fa000a800 Exception <a 'java/lang/ClassNotFoundException': org/springframework/context/annotation/ConfigurationClassPostProcessorBeanInfo> (0x00000000ee0ebd60) thrown at [/build/openjdk-8-YiEakL/openjdk-8-8u121-b13/src/hotspot/src/share/vm/classfile/systemDictionar
Event: 7.357 Thread 0x00007f3fa000a800 Exception <a 'java/lang/ClassNotFoundException': org/springframework/context/annotation/ConfigurationClassPostProcessorCustomizer> (0x00000000ee1185a0) thrown at [/build/openjdk-8-YiEakL/openjdk-8-8u121-b13/src/hotspot/src/share/vm/classfile/systemDiction
Event: 7.361 Thread 0x00007f3fa000a800 Exception <a 'java/lang/ClassNotFoundException': org/springframework/beans/factory/support/BeanDefinitionRegistryPostProcessorCustomizer> (0x00000000ee15a330) thrown at [/build/openjdk-8-YiEakL/openjdk-8-8u121-b13/src/hotspot/src/share/vm/classfile/system
Event: 7.363 Thread 0x00007f3fa000a800 Exception <a 'java/lang/ClassNotFoundException': org/springframework/core/PriorityOrderedCustomizer> (0x00000000ee1b8f78) thrown at [/build/openjdk-8-YiEakL/openjdk-8-8u121-b13/src/hotspot/src/share/vm/classfile/systemDictionary.cpp, line 210]
Event: 7.364 Thread 0x00007f3fa000a800 Exception <a 'java/lang/ClassNotFoundException': org/springframework/context/ResourceLoaderAwareCustomizer> (0x00000000ee1db720) thrown at [/build/openjdk-8-YiEakL/openjdk-8-8u121-b13/src/hotspot/src/share/vm/classfile/systemDictionary.cpp, line 210]
Event: 7.366 Thread 0x00007f3fa000a800 Exception <a 'java/lang/ClassNotFoundException': org/springframework/beans/factory/BeanClassLoaderAwareCustomizer> (0x00000000ee202670) thrown at [/build/openjdk-8-YiEakL/openjdk-8-8u121-b13/src/hotspot/src/share/vm/classfile/systemDictionary.cpp, line 21
Event: 7.367 Thread 0x00007f3fa000a800 Exception <a 'java/lang/ClassNotFoundException': org/springframework/context/EnvironmentAwareCustomizer> (0x00000000ee224da8) thrown at [/build/openjdk-8-YiEakL/openjdk-8-8u121-b13/src/hotspot/src/share/vm/classfile/systemDictionary.cpp, line 210]

Events (10 events):
Event: 11.599 loading class java/lang/IllegalAccessError done
Event: 11.600 loading class org/slf4j/Marker
Event: 11.600 loading class org/slf4j/Marker done
Event: 11.634 loading class org/springframework/boot/autoconfigure/AutoConfigurationSorter$AutoConfigurationClasses
Event: 11.634 loading class org/springframework/boot/autoconfigure/AutoConfigurationSorter$AutoConfigurationClasses done
Event: 11.638 loading class org/springframework/boot/autoconfigure/AutoConfigurationSorter$AutoConfigurationClass
Event: 11.638 loading class org/springframework/boot/autoconfigure/AutoConfigurationSorter$AutoConfigurationClass done
Event: 11.644 loading class org/springframework/boot/autoconfigure/AutoConfigurationSorter$1
Event: 11.644 loading class org/springframework/boot/autoconfigure/AutoConfigurationSorter$1 done
Event: 11.659 Executing VM operation: ParallelGCFailedAllocation


Dynamic libraries:
00400000-00401000 r-xp 00000000 08:05 4327688                            /usr/lib/jvm/java-8-openjdk-amd64/jre/bin/java
00600000-00601000 r--p 00000000 08:05 4327688                            /usr/lib/jvm/java-8-openjdk-amd64/jre/bin/java
00601000-00602000 rw-p 00001000 08:05 4327688                            /usr/lib/jvm/java-8-openjdk-amd64/jre/bin/java
024bc000-024dd000 rw-p 00000000 00:00 0                                  [heap]
c4e00000-c7600000 rw-p 00000000 00:00 0 
c7600000-ec500000 ---p 00000000 00:00 0 
ec500000-f0600000 rw-p 00000000 00:00 0 
f5300000-100000000 ---p 00000000 00:00 0 
100000000-100240000 rw-p 00000000 00:00 0 
100240000-140000000 ---p 00000000 00:00 0 
7f3f98000000-7f3f98226000 rw-p 00000000 00:00 0 
7f3f98226000-7f3f9c000000 ---p 00000000 00:00 0 
7f3fa0000000-7f3fa0021000 rw-p 00000000 00:00 0 
7f3fa0021000-7f3fa4000000 ---p 00000000 00:00 0 
7f3fa4000000-7f3fa42a1000 rw-p 00000000 00:00 0 
7f3fa42a1000-7f3fa8000000 ---p 00000000 00:00 0 
7f3fa8000000-7f3fa8021000 rw-p 00000000 00:00 0 
7f3fa8021000-7f3fac000000 ---p 00000000 00:00 0 
7f3fac000000-7f3fac021000 rw-p 00000000 00:00 0 
7f3fac021000-7f3fb0000000 ---p 00000000 00:00 0 
7f3fb0000000-7f3fb05db000 rw-p 00000000 00:00 0 
7f3fb05db000-7f3fb4000000 ---p 00000000 00:00 0 
7f3fb4000000-7f3fb4325000 rw-p 00000000 00:00 0 
7f3fb4325000-7f3fb8000000 ---p 00000000 00:00 0 
7f3fb8000000-7f3fb8021000 rw-p 00000000 00:00 0 
7f3fb8021000-7f3fbc000000 ---p 00000000 00:00 0 
7f3fbc000000-7f3fbc919000 rw-p 00000000 00:00 0 
7f3fbc919000-7f3fc0000000 ---p 00000000 00:00 0 
7f3fc0000000-7f3fc0021000 rw-p 00000000 00:00 0 
7f3fc0021000-7f3fc4000000 ---p 00000000 00:00 0 
7f3fc4000000-7f3fc4021000 rw-p 00000000 00:00 0 
7f3fc4021000-7f3fc8000000 ---p 00000000 00:00 0 
7f3fc8000000-7f3fc8021000 rw-p 00000000 00:00 0 
7f3fc8021000-7f3fcc000000 ---p 00000000 00:00 0 
7f3fcc000000-7f3fcc021000 rw-p 00000000 00:00 0 
7f3fcc021000-7f3fd0000000 ---p 00000000 00:00 0 
7f3fd0000000-7f3fd0021000 rw-p 00000000 00:00 0 
7f3fd0021000-7f3fd4000000 ---p 00000000 00:00 0 
7f3fd8000000-7f3fd8021000 rw-p 00000000 00:00 0 
7f3fd8021000-7f3fdc000000 ---p 00000000 00:00 0 
7f3fde74f000-7f3fde760000 r-xp 00000000 08:05 4327637                    /usr/lib/jvm/java-8-openjdk-amd64/jre/lib/amd64/libnio.so
7f3fde760000-7f3fde960000 ---p 00011000 08:05 4327637                    /usr/lib/jvm/java-8-openjdk-amd64/jre/lib/amd64/libnio.so
7f3fde960000-7f3fde961000 r--p 00011000 08:05 4327637                    /usr/lib/jvm/java-8-openjdk-amd64/jre/lib/amd64/libnio.so
7f3fde961000-7f3fde962000 rw-p 00012000 08:05 4327637                    /usr/lib/jvm/java-8-openjdk-amd64/jre/lib/amd64/libnio.so
7f3fde962000-7f3fdeb62000 rw-p 00000000 00:00 0 
7f3fdeb62000-7f3fded62000 rw-p 00000000 00:00 0 
7f3fded62000-7f3fdef62000 rw-p 00000000 00:00 0 
7f3fdef62000-7f3fdef67000 r--s 002f9000 08:05 4327681                    /usr/lib/jvm/java-8-openjdk-amd64/jre/lib/charsets.jar
7f3fdef67000-7f3fdef6a000 ---p 00000000 00:00 0 
7f3fdef6a000-7f3fdf268000 rw-p 00000000 00:00 0 
7f3fdf268000-7f3fdf569000 rw-p 00000000 00:00 0 
7f3fdf569000-7f3fdf580000 r-xp 00000000 08:05 4327629                    /usr/lib/jvm/java-8-openjdk-amd64/jre/lib/amd64/libnet.so
7f3fdf580000-7f3fdf77f000 ---p 00017000 08:05 4327629                    /usr/lib/jvm/java-8-openjdk-amd64/jre/lib/amd64/libnet.so
7f3fdf77f000-7f3fdf780000 r--p 00016000 08:05 4327629                    /usr/lib/jvm/java-8-openjdk-amd64/jre/lib/amd64/libnet.so
7f3fdf780000-7f3fdf781000 rw-p 00017000 08:05 4327629                    /usr/lib/jvm/java-8-openjdk-amd64/jre/lib/amd64/libnet.so
7f3fdf781000-7f3fdf78a000 r-xp 00000000 08:05 4327645                    /usr/lib/jvm/java-8-openjdk-amd64/jre/lib/amd64/libmanagement.so
7f3fdf78a000-7f3fdf989000 ---p 00009000 08:05 4327645                    /usr/lib/jvm/java-8-openjdk-amd64/jre/lib/amd64/libmanagement.so
7f3fdf989000-7f3fdf98a000 r--p 00008000 08:05 4327645                    /usr/lib/jvm/java-8-openjdk-amd64/jre/lib/amd64/libmanagement.so
7f3fdf98a000-7f3fdf98b000 rw-p 00009000 08:05 4327645                    /usr/lib/jvm/java-8-openjdk-amd64/jre/lib/amd64/libmanagement.so
7f3fdf98b000-7f3fdf98e000 ---p 00000000 00:00 0 
7f3fdf98e000-7f3fdfa8c000 rw-p 00000000 00:00 0 
7f3fdfa8c000-7f3fdfa8f000 ---p 00000000 00:00 0 
7f3fdfa8f000-7f3fdfb8d000 rw-p 00000000 00:00 0 
7f3fdfb8d000-7f3fdfb92000 r--s 00034000 08:06 8913537                    /home/lizo/.m2/repository/com/google/code/gson/gson/2.8.0/gson-2.8.0.jar
7f3fdfb92000-7f3fdfb99000 r--s 0009f000 08:06 8783258                    /home/lizo/.m2/repository/org/postgresql/postgresql/9.4.1212.jre7/postgresql-9.4.1212.jre7.jar
7f3fdfb99000-7f3fdfb9b000 r--s 00009000 08:06 9699581                    /home/lizo/.m2/repository/org/slf4j/slf4j-api/1.7.24/slf4j-api-1.7.24.jar
7f3fdfb9b000-7f3fdfb9c000 r--s 00004000 08:06 11141294                   /home/lizo/.m2/repository/org/apache/directory/shared/shared-ldap-constants/0.9.15/shared-ldap-constants-0.9.15.jar
7f3fdfb9c000-7f3fdfba0000 r--s 00014000 08:06 11012030                   /home/lizo/.m2/repository/org/apache/directory/shared/shared-asn1/0.9.15/shared-asn1-0.9.15.jar
7f3fdfba0000-7f3fdfbad000 r--s 00083000 08:06 9439248                    /home/lizo/.m2/repository/commons-collections/commons-collections/3.2.2/commons-collections-3.2.2.jar
7f3fdfbad000-7f3fdfbb1000 r--s 0003c000 08:06 9438279                    /home/lizo/.m2/repository/commons-lang/commons-lang/2.4/commons-lang-2.4.jar
7f3fdfbb1000-7f3fdfbce000 r--s 0011f000 08:06 11141293                   /home/lizo/.m2/repository/org/apache/directory/shared/shared-ldap/0.9.15/shared-ldap-0.9.15.jar
7f3fdfbce000-7f3fdfbd0000 r--s 0000a000 08:06 11141290                   /home/lizo/.m2/repository/org/apache/directory/server/apacheds-core-jndi/1.5.5/apacheds-core-jndi-1.5.5.jar
7f3fdfbd0000-7f3fdfbd2000 r--s 00005000 08:06 11141289                   /home/lizo/.m2/repository/org/apache/directory/server/apacheds-protocol-shared/1.5.5/apacheds-protocol-shared-1.5.5.jar
7f3fdfbd2000-7f3fdfbd8000 r--s 00022000 08:06 11141288                   /home/lizo/.m2/repository/org/apache/directory/server/apacheds-schema-extras/1.5.5/apacheds-schema-extras-1.5.5.jar
7f3fdfbd8000-7f3fdfbda000 r--s 00066000 08:06 11141287                   /home/lizo/.m2/repository/org/apache/directory/server/apacheds-bootstrap-partition/1.5.5/apacheds-bootstrap-partition-1.5.5.jar
7f3fdfbda000-7f3fdfbfd000 r--s 00163000 08:06 11141282                   /home/lizo/.m2/repository/bouncycastle/bcprov-jdk15/140/bcprov-jdk15-140.jar
7f3fdfbfd000-7f3fdfbfe000 r--s 00004000 08:06 11141281                   /home/lizo/.m2/repository/org/apache/directory/shared/shared-cursor/0.9.15/shared-cursor-0.9.15.jar
7f3fdfbfe000-7f3fdfbff000 r--s 00003000 08:06 11141280                   /home/lizo/.m2/repository/org/apache/directory/server/apacheds-bootstrap-extract/1.5.5/apacheds-bootstrap-extract-1.5.5.jar
7f3fdfbff000-7f3fdfc01000 r--s 00008000 08:06 11141279                   /home/lizo/.m2/repository/org/apache/directory/server/apacheds-xdbm-base/1.5.5/apacheds-xdbm-base-1.5.5.jar
7f3fdfc01000-7f3fdfc03000 r--s 00006000 08:06 11141267                   /home/lizo/.m2/repository/org/apache/directory/server/apacheds-core-avl/1.5.5/apacheds-core-avl-1.5.5.jar
7f3fdfc03000-7f3fdfc05000 r--s 0000e000 08:06 11141272                   /home/lizo/.m2/repository/org/apache/directory/server/apacheds-jdbm-store/1.5.5/apacheds-jdbm-store-1.5.5.jar
7f3fdfc05000-7f3fdfc06000 r--s 00002000 08:06 11141270                   /home/lizo/.m2/repository/org/apache/directory/server/apacheds-utils/1.5.5/apacheds-utils-1.5.5.jar
7f3fdfc06000-7f3fdfc08000 r--s 00002000 08:06 11141269                   /home/lizo/.m2/repository/org/apache/directory/server/apacheds-core-constants/1.5.5/apacheds-core-constants-1.5.5.jar
7f3fdfc08000-7f3fdfc0a000 r--s 00002000 08:06 11141268                   /home/lizo/.m2/repository/org/apache/directory/server/apacheds-core-shared/1.5.5/apacheds-core-shared-1.5.5.jar
7f3fdfc0a000-7f3fdfc0c000 r--s 0000e000 08:06 11141253                   /home/lizo/.m2/repository/org/apache/directory/server/apacheds-schema-registries/1.5.5/apacheds-schema-registries-1.5.5.jar
7f3fdfc0c000-7f3fdfc0e000 r--s 0000f000 08:06 11141262                   /home/lizo/.m2/repository/org/apache/directory/server/apacheds-core-entry/1.5.5/apacheds-core-entry-1.5.5.jar
7f3fdfc0e000-7f3fdfc10000 r--s 00014000 08:06 11141260                   /home/lizo/.m2/repository/org/apache/directory/server/apacheds-jdbm/1.5.5/apacheds-jdbm-1.5.5.jar
7f3fdfc10000-7f3fdfc14000 r--s 0001d000 08:06 11141259                   /home/lizo/.m2/repository/org/apache/directory/server/apacheds-schema-bootstrap/1.5.5/apacheds-schema-bootstrap-1.5.5.jar
7f3fdfc14000-7f3fdfc16000 r--s 00004000 08:06 11141257                   /home/lizo/.m2/repository/org/apache/directory/server/apacheds-xdbm-tools/1.5.5/apacheds-xdbm-tools-1.5.5.jar
7f3fdfc16000-7f3fdfc19000 r--s 00018000 08:06 13894811                   /home/lizo/.m2/repository/commons-io/commons-io/1.4/commons-io-1.4.jar
7f3fdfc19000-7f3fdfc1c000 r--s 00011000 08:06 11141254                   /home/lizo/.m2/repository/org/apache/directory/server/apacheds-xdbm-search/1.5.5/apacheds-xdbm-search-1.5.5.jar
7f3fdfc1c000-7f3fdfc27000 r--s 0008b000 08:06 11141252                   /home/lizo/.m2/repository/org/apache/directory/server/apacheds-core/1.5.5/apacheds-core-1.5.5.jar
7f3fdfc27000-7f3fdfc2e000 r--s 0003b000 08:06 11141250                   /home/lizo/.m2/repository/org/apache/directory/server/apacheds-kerberos-shared/1.5.5/apacheds-kerberos-shared-1.5.5.jar
7f3fdfc2e000-7f3fdfc3b000 r--s 0008f000 08:06 11012028                   /home/lizo/.m2/repository/org/apache/mina/mina-core/2.0.0-M6/mina-core-2.0.0-M6.jar
7f3fdfc3b000-7f3fdfc3d000 r--s 00002000 08:06 10881119                   /home/lizo/.m2/repository/org/apache/directory/shared/shared-asn1-codec/0.9.15/shared-asn1-codec-0.9.15.jar
7f3fdfc3d000-7f3fdfc41000 r--s 00027000 08:06 9045296                    /home/lizo/.m2/repository/org/apache/directory/server/apacheds-protocol-ldap/1.5.5/apacheds-protocol-ldap-1.5.5.jar
7f3fdfc41000-7f3fdfc42000 r--s 00003000 08:06 8520560                    /home/lizo/.m2/repository/org/apache/directory/server/apacheds-server-jndi/1.5.5/apacheds-server-jndi-1.5.5.jar
7f3fdfc42000-7f3fdfc45000 r--s 0000c000 08:06 9699587                    /home/lizo/.m2/repository/org/springframework/spring-aspects/4.3.7.RELEASE/spring-aspects-4.3.7.RELEASE.jar
7f3fdfc45000-7f3fdfc47000 r--s 00003000 08:06 9699582                    /home/lizo/.m2/repository/org/slf4j/jcl-over-slf4j/1.7.24/jcl-over-slf4j-1.7.24.jar
7f3fdfc47000-7f3fdfc51000 r--s 0006b000 08:06 9699572                    /home/lizo/.m2/repository/org/springframework/spring-orm/4.3.7.RELEASE/spring-orm-4.3.7.RELEASE.jar
7f3fdfc51000-7f3fdfc63000 r--s 000a9000 08:06 9699571                    /home/lizo/.m2/repository/org/springframework/data/spring-data-commons/1.13.1.RELEASE/spring-data-commons-1.13.1.RELEASE.jar
7f3fdfc63000-7f3fdfc6a000 r--s 00040000 08:06 9699569                    /home/lizo/.m2/repository/org/springframework/data/spring-data-jpa/1.11.1.RELEASE/spring-data-jpa-1.11.1.RELEASE.jar
7f3fdfc6a000-7f3fdfc6c000 r--s 00006000 08:06 7605868                    /home/lizo/.m2/repository/javax/transaction/javax.transaction-api/1.2/javax.transaction-api-1.2.jar
7f3fdfc6c000-7f3fdfc79000 r--s 00089000 08:06 9699568                    /home/lizo/.m2/repository/org/hibernate/hibernate-entitymanager/5.0.12.Final/hibernate-entitymanager-5.0.12.Final.jar
7f3fdfc79000-7f3fdfc7c000 r--s 00010000 08:06 8259339                    /home/lizo/.m2/repository/org/hibernate/common/hibernate-commons-annotations/5.0.1.Final/hibernate-commons-annotations-5.0.1.Final.jar
7f3fdfc7c000-7f3fdfc81000 r--s 00048000 08:06 7475999                    /home/lizo/.m2/repository/dom4j/dom4j/1.6.1/dom4j-1.6.1.jar
7f3fdfc81000-7f3fdfc84000 r--s 0002b000 08:06 8259341                    /home/lizo/.m2/repository/org/jboss/jandex/2.0.0.Final/jandex-2.0.0.Final.jar
7f3fdfc84000-7f3fdfc89000 r--s 00068000 08:06 7475996                    /home/lizo/.m2/repository/antlr/antlr/2.7.7/antlr-2.7.7.jar
7f3fdfc89000-7f3fdfc93000 r--s 000aa000 08:06 8259346                    /home/lizo/.m2/repository/org/javassist/javassist/3.21.0-GA/javassist-3.21.0-GA.jar
7f3fdfc93000-7f3fdfc98000 r--s 00017000 08:06 8259342                    /home/lizo/.m2/repository/org/hibernate/javax/persistence/hibernate-jpa-2.1-api/1.0.0.Final/hibernate-jpa-2.1-api-1.0.0.Final.jar
7f3fdfc98000-7f3fdfd01000 r--s 004f3000 08:06 9699567                    /home/lizo/.m2/repository/org/hibernate/hibernate-core/5.0.12.Final/hibernate-core-5.0.12.Final.jar
7f3fdfd01000-7f3fdfd0b000 r--s 0005f000 08:06 9699564                    /home/lizo/.m2/repository/org/springframework/spring-jdbc/4.3.7.RELEASE/spring-jdbc-4.3.7.RELEASE.jar
7f3fdfd0b000-7f3fdfd0d000 r--s 00009000 08:06 7998703                    /home/lizo/.m2/repository/org/apache/tomcat/tomcat-juli/8.5.11/tomcat-juli-8.5.11.jar
7f3fdfd0d000-7f3fdfd10000 r--s 00020000 08:06 7998701                    /home/lizo/.m2/repository/org/apache/tomcat/tomcat-jdbc/8.5.11/tomcat-jdbc-8.5.11.jar
7f3fdfd10000-7f3fdfd11000 r--s 00000000 08:06 9699561                    /home/lizo/.m2/repository/org/springframework/boot/spring-boot-starter-jdbc/1.5.2.RELEASE/spring-boot-starter-jdbc-1.5.2.RELEASE.jar
7f3fdfd11000-7f3fdfd2a000 r--s 001af000 08:06 8259332                    /home/lizo/.m2/repository/org/aspectj/aspectjweaver/1.8.9/aspectjweaver-1.8.9.jar
7f3fdfd2a000-7f3fdfd2b000 r--s 00000000 08:06 9699558                    /home/lizo/.m2/repository/org/springframework/boot/spring-boot-starter-aop/1.5.2.RELEASE/spring-boot-starter-aop-1.5.2.RELEASE.jar
7f3fdfd2b000-7f3fdfd2c000 r--s 00000000 08:06 9699538                    /home/lizo/.m2/repository/org/springframework/boot/spring-boot-starter-data-jpa/1.5.2.RELEASE/spring-boot-starter-data-jpa-1.5.2.RELEASE.jar
7f3fdfd2c000-7f3fdfd34000 r--s 0003a000 08:06 9699577                    /home/lizo/.m2/repository/org/springframework/spring-tx/4.3.7.RELEASE/spring-tx-4.3.7.RELEASE.jar
7f3fdfd34000-7f3fdfd3e000 r--s 00053000 08:06 10879372                   /home/lizo/.m2/repository/org/springframework/ldap/spring-ldap-core/2.3.1.RELEASE/spring-ldap-core-2.3.1.RELEASE.jar
7f3fdfd3e000-7f3fdfd41000 r--s 00018000 08:06 10881112                   /home/lizo/.m2/repository/org/springframework/security/spring-security-ldap/4.2.2.RELEASE/spring-security-ldap-4.2.2.RELEASE.jar
7f3fdfd41000-7f3fdfd61000 r--s 000e0000 08:06 9699546                    /home/lizo/.m2/repository/org/springframework/boot/spring-boot-autoconfigure/1.5.2.RELEASE/spring-boot-autoconfigure-1.5.2.RELEASE.jar
7f3fdfd61000-7f3fdfd71000 r--s 00094000 08:06 9699542                    /home/lizo/.m2/repository/org/springframework/boot/spring-boot/1.5.2.RELEASE/spring-boot-1.5.2.RELEASE.jar
7f3fdfd71000-7f3fdfd78000 r--s 0002e000 08:06 9309062                    /home/lizo/.m2/repository/org/springframework/boot/spring-boot-devtools/1.5.2.RELEASE/spring-boot-devtools-1.5.2.RELEASE.jar
7f3fdfd78000-7f3fdfd7c000 r--s 00035000 08:06 10224528                   /home/lizo/.m2/repository/org/codehaus/jackson/jackson-core-asl/1.9.13/jackson-core-asl-1.9.13.jar
7f3fdfd7c000-7f3fdfd8a000 r--s 000b1000 08:06 10224539                   /home/lizo/.m2/repository/org/codehaus/jackson/jackson-mapper-asl/1.9.13/jackson-mapper-asl-1.9.13.jar
7f3fdfd8a000-7f3fdfd91000 r--s 0003f000 08:06 9439253                    /home/lizo/.m2/repository/commons-codec/commons-codec/1.10/commons-codec-1.10.jar
7f3fdfd91000-7f3fdfd9c000 r--s 00053000 08:06 11010890                   /home/lizo/.m2/repository/org/springframework/security/spring-security-web/4.2.2.RELEASE/spring-security-web-4.2.2.RELEASE.jar
7f3fdfd9c000-7f3fdfda6000 r--s 00086000 08:06 11010886                   /home/lizo/.m2/repository/org/springframework/security/spring-security-config/4.2.2.RELEASE/spring-security-config-4.2.2.RELEASE.jar
7f3fdfda6000-7f3fdfda8000 r--s 00000000 08:06 9307515                    /home/lizo/.m2/repository/aopalliance/aopalliance/1.0/aopalliance-1.0.jar
7f3fdfda8000-7f3fdfdb4000 r--s 00055000 08:06 11010888                   /home/lizo/.m2/repository/org/springframework/security/spring-security-core/4.2.2.RELEASE/spring-security-core-4.2.2.RELEASE.jar
7f3fdfdb4000-7f3fdfdce000 r--s 000fd000 08:06 9699576                    /home/lizo/.m2/repository/org/springframework/spring-context/4.3.7.RELEASE/spring-context-4.3.7.RELEASE.jar
7f3fdfdce000-7f3fdfde5000 r--s 000fb000 08:06 9699607                    /home/lizo/.m2/repository/org/springframework/spring-core/4.3.7.RELEASE/spring-core-4.3.7.RELEASE.jar
7f3fdfde5000-7f3fdfdf3000 r--s 000ad000 08:06 9699578                    /home/lizo/.m2/repository/org/springframework/spring-beans/4.3.7.RELEASE/spring-beans-4.3.7.RELEASE.jar
7f3fdfdf3000-7f3fdfdff000 r--s 00068000 08:06 10880833                   /home/lizo/.m2/repository/org/springframework/security/oauth/spring-security-oauth2/2.0.13.RELEASE/spring-security-oauth2-2.0.13.RELEASE.jar
7f3fdfdff000-7f3fdfe04000 r--s 0003c000 08:06 9699598                    /home/lizo/.m2/repository/org/springframework/spring-expression/4.3.7.RELEASE/spring-expression-4.3.7.RELEASE.jar
7f3fdfe04000-7f3fdfe15000 r--s 000cf000 08:06 9699597                    /home/lizo/.m2/repository/org/springframework/spring-webmvc/4.3.7.RELEASE/spring-webmvc-4.3.7.RELEASE.jar
7f3fdfe15000-7f3fdfe17000 r--s 0000e000 08:06 7476007                    /home/lizo/.m2/repository/com/fasterxml/classmate/1.3.3/classmate-1.3.3.jar
7f3fdfe17000-7f3fdfe19000 r--s 0000f000 08:06 8259340                    /home/lizo/.m2/repository/org/jboss/logging/jboss-logging/3.3.0.Final/jboss-logging-3.3.0.Final.jar
7f3fdfe19000-7f3fdfe2a000 r--s 000a1000 08:06 8259372                    /home/lizo/.m2/repository/org/hibernate/hibernate-validator/5.3.4.Final/hibernate-validator-5.3.4.Final.jar
7f3fdfe2a000-7f3fdfe2b000 r--s 00000000 08:06 9699588                    /home/lizo/.m2/repository/org/springframework/boot/spring-boot-starter-web/1.5.2.RELEASE/spring-boot-starter-web-1.5.2.RELEASE.jar
7f3fdfe2b000-7f3fdfe2d000 r--s 00007000 08:06 7999159                    /home/lizo/.m2/repository/com/fasterxml/jackson/module/jackson-module-jaxb-annotations/2.8.7/jackson-module-jaxb-annotations-2.8.7.jar
7f3fdfe2d000-7f3fdfe2e000 r--s 00003000 08:06 7871043                    /home/lizo/.m2/repository/com/fasterxml/jackson/jaxrs/jackson-jaxrs-json-provider/2.8.7/jackson-jaxrs-json-provider-2.8.7.jar
7f3fdfe2e000-7f3fdfe2f000 r--s 00007000 08:06 7606384                    /home/lizo/.m2/repository/com/fasterxml/jackson/jaxrs/jackson-jaxrs-base/2.8.7/jackson-jaxrs-base-2.8.7.jar
7f3fdfe2f000-7f3fdfe32000 r--s 0000f000 08:06 8783256                    /home/lizo/.m2/repository/org/glassfish/jersey/ext/jersey-entity-filtering/2.25.1/jersey-entity-filtering-2.25.1.jar
7f3fdfe32000-7f3fdfe34000 r--s 00004000 08:06 8783254                    /home/lizo/.m2/repository/org/glassfish/jersey/media/jersey-media-json-jackson/2.25.1/jersey-media-json-jackson-2.25.1.jar
7f3fdfe34000-7f3fdfe36000 r--s 00002000 08:06 8783251                    /home/lizo/.m2/repository/org/glassfish/hk2/spring-bridge/2.5.0-b32/spring-bridge-2.5.0-b32.jar
7f3fdfe36000-7f3fdfe41000 r--s 000c1000 08:06 8783250                    /home/lizo/.m2/repository/org/glassfish/hk2/external/asm-all-repackaged/2.5.0-b32/asm-all-repackaged-2.5.0-b32.jar
7f3fdfe41000-7f3fdfe44000 r--s 00013000 08:06 8783246                    /home/lizo/.m2/repository/org/glassfish/hk2/class-model/2.5.0-b32/class-model-2.5.0-b32.jar
7f3fdfe44000-7f3fdfe47000 r--s 0000c000 08:06 8783244                    /home/lizo/.m2/repository/org/glassfish/hk2/hk2-runlevel/2.5.0-b32/hk2-runlevel-2.5.0-b32.jar
7f3fdfe47000-7f3fdfe4c000 r--s 0002e000 08:06 8783242                    /home/lizo/.m2/repository/org/glassfish/hk2/hk2-config/2.5.0-b32/hk2-config-2.5.0-b32.jar
7f3fdfe4c000-7f3fdfe4f000 r--s 0001a000 08:06 8783240                    /home/lizo/.m2/repository/org/glassfish/hk2/hk2-core/2.5.0-b32/hk2-core-2.5.0-b32.jar
7f3fdfe4f000-7f3fdfe50000 r--s 00002000 08:06 8652766                    /home/lizo/.m2/repository/org/glassfish/hk2/config-types/2.5.0-b32/config-types-2.5.0-b32.jar
7f3fdfe50000-7f3fdfe51000 r--s 00000000 08:06 8652764                    /home/lizo/.m2/repository/org/glassfish/hk2/hk2/2.5.0-b32/hk2-2.5.0-b32.jar
7f3fdfe51000-7f3fdfe53000 r--s 00004000 08:06 8652762                    /home/lizo/.m2/repository/org/glassfish/jersey/ext/jersey-spring3/2.25.1/jersey-spring3-2.25.1.jar
7f3fdfe53000-7f3fdfe55000 r--s 00008000 08:06 8652758                    /home/lizo/.m2/repository/org/glassfish/jersey/ext/jersey-bean-validation/2.25.1/jersey-bean-validation-2.25.1.jar
7f3fdfe55000-7f3fdfe57000 r--s 00003000 08:06 8652755                    /home/lizo/.m2/repository/org/glassfish/jersey/containers/jersey-container-servlet/2.25.1/jersey-container-servlet-2.25.1.jar
7f3fdfe57000-7f3fdfe5a000 r--s 0000e000 08:06 8652756                    /home/lizo/.m2/repository/org/glassfish/jersey/containers/jersey-container-servlet-core/2.25.1/jersey-container-servlet-core-2.25.1.jar
7f3fdfe5a000-7f3fdfe5e000 r--s 0000c000 08:06 7739981                    /home/lizo/.m2/repository/javax/validation/validation-api/1.1.0.Final/validation-api-1.1.0.Final.jar
7f3fdfe5e000-7f3fdfe61000 r--s 0002b000 08:06 8521367                    /home/lizo/.m2/repository/org/glassfish/hk2/hk2-locator/2.5.0-b32/hk2-locator-2.5.0-b32.jar
7f3fdfe61000-7f3fdfe63000 r--s 00002000 08:06 8521361                    /home/lizo/.m2/repository/org/glassfish/hk2/external/aopalliance-repackaged/2.5.0-b32/aopalliance-repackaged-2.5.0-b32.jar
7f3fdfe63000-7f3fdfe66000 r--s 0001e000 08:06 8521359                    /home/lizo/.m2/repository/org/glassfish/hk2/hk2-utils/2.5.0-b32/hk2-utils-2.5.0-b32.jar
7f3fdfe66000-7f3fdfe6c000 r--s 00028000 08:06 8521358                    /home/lizo/.m2/repository/org/glassfish/hk2/hk2-api/2.5.0-b32/hk2-api-2.5.0-b32.jar
7f3fdfe6c000-7f3fdfe6e000 r--s 00005000 08:06 7998707                    /home/lizo/.m2/repository/javax/annotation/javax.annotation-api/1.2/javax.annotation-api-1.2.jar
7f3fdfe6e000-7f3fdfe70000 r--s 00010000 08:06 8521355                    /home/lizo/.m2/repository/org/glassfish/jersey/media/jersey-media-jaxb/2.25.1/jersey-media-jaxb-2.25.1.jar
7f3fdfe70000-7f3fdfe74000 r--s 00019000 08:06 7739976                    /home/lizo/.m2/repository/javax/ws/rs/javax.ws.rs-api/2.0.1/javax.ws.rs-api-2.0.1.jar
7f3fdfe74000-7f3fdfe78000 r--s 00026000 08:06 8521354                    /home/lizo/.m2/repository/org/glassfish/jersey/core/jersey-client/2.25.1/jersey-client-2.25.1.jar
7f3fdfe78000-7f3fdfe90000 r--s 000d6000 08:06 8521348                    /home/lizo/.m2/repository/org/glassfish/jersey/bundles/repackaged/jersey-guava/2.25.1/jersey-guava-2.25.1.jar
7f3fdfe90000-7f3fdfe9e000 r--s 000a1000 08:06 8521347                    /home/lizo/.m2/repository/org/glassfish/jersey/core/jersey-common/2.25.1/jersey-common-2.25.1.jar
7f3fdfe9e000-7f3fdfeb3000 r--s 000d1000 08:06 8521345                    /home/lizo/.m2/repository/org/glassfish/jersey/core/jersey-server/2.25.1/jersey-server-2.25.1.jar
7f3fdfeb3000-7f3fdfec4000 r--s 000b7000 08:06 9699596                    /home/lizo/.m2/repository/org/springframework/spring-web/4.3.7.RELEASE/spring-web-4.3.7.RELEASE.jar
7f3fdfec4000-7f3fdfed6000 r--s 0011d000 08:06 9699590                    /home/lizo/.m2/repository/com/fasterxml/jackson/core/jackson-databind/2.8.7/jackson-databind-2.8.7.jar
7f3fdfed6000-7f3fdfeff000 r--s 002b8000 08:06 7998702                    /home/lizo/.m2/repository/org/apache/tomcat/embed/tomcat-embed-core/8.5.11/tomcat-embed-core-8.5.11.jar
7f3fdfeff000-7f3fdff00000 ---p 00000000 00:00 0 
7f3fdff00000-7f3fe0000000 rw-p 00000000 00:00 0 
7f3fe0000000-7f3fe0021000 rw-p 00000000 00:00 0 
7f3fe0021000-7f3fe4000000 ---p 00000000 00:00 0 
7f3fe4000000-7f3fe4001000 r--s 00001000 08:06 8521364                    /home/lizo/.m2/repository/org/glassfish/hk2/external/javax.inject/2.5.0-b32/javax.inject-2.5.0-b32.jar
7f3fe4001000-7f3fe4002000 r--s 00004000 08:06 8521352                    /home/lizo/.m2/repository/org/glassfish/hk2/osgi-resource-locator/1.0.1/osgi-resource-locator-1.0.1.jar
7f3fe4002000-7f3fe400b000 r--s 00054000 08:06 9699560                    /home/lizo/.m2/repository/org/springframework/spring-aop/4.3.7.RELEASE/spring-aop-4.3.7.RELEASE.jar
7f3fe400b000-7f3fe400e000 r--s 00042000 08:06 9699595                    /home/lizo/.m2/repository/com/fasterxml/jackson/core/jackson-core/2.8.7/jackson-core-2.8.7.jar
7f3fe400e000-7f3fe4011000 r--s 0000b000 08:06 7476000                    /home/lizo/.m2/repository/com/fasterxml/jackson/core/jackson-annotations/2.8.0/jackson-annotations-2.8.0.jar
7f3fe4011000-7f3fe4012000 r--s 00000000 08:06 9045263                    /home/lizo/.m2/repository/org/springframework/boot/spring-boot-starter-validation/1.5.2.RELEASE/spring-boot-starter-validation-1.5.2.RELEASE.jar
7f3fe4012000-7f3fe4017000 r--s 00036000 08:06 8259363                    /home/lizo/.m2/repository/org/apache/tomcat/embed/tomcat-embed-websocket/8.5.11/tomcat-embed-websocket-8.5.11.jar
7f3fe4017000-7f3fe401c000 r--s 00036000 08:06 8129288                    /home/lizo/.m2/repository/org/apache/tomcat/embed/tomcat-embed-el/8.5.11/tomcat-embed-el-8.5.11.jar
7f3fe401c000-7f3fe401d000 r--s 00000000 08:06 9699589                    /home/lizo/.m2/repository/org/springframework/boot/spring-boot-starter-tomcat/1.5.2.RELEASE/spring-boot-starter-tomcat-1.5.2.RELEASE.jar
7f3fe401d000-7f3fe4023000 r--s 0003d000 08:06 8259328                    /home/lizo/.m2/repository/org/yaml/snakeyaml/1.17/snakeyaml-1.17.jar
7f3fe4023000-7f3fe4025000 r--s 00004000 08:06 9699554                    /home/lizo/.m2/repository/org/slf4j/log4j-over-slf4j/1.7.24/log4j-over-slf4j-1.7.24.jar
7f3fe4025000-7f3fe4027000 r--s 00000000 08:06 9699552                    /home/lizo/.m2/repository/org/slf4j/jul-to-slf4j/1.7.24/jul-to-slf4j-1.7.24.jar
7f3fe4027000-7f3fe4032000 r--s 0006a000 08:06 9699551                    /home/lizo/.m2/repository/ch/qos/logback/logback-core/1.1.11/logback-core-1.1.11.jar
7f3fe4032000-7f3fe4039000 r--s 00045000 08:06 9699548                    /home/lizo/.m2/repository/ch/qos/logback/logback-classic/1.1.11/logback-classic-1.1.11.jar
7f3fe4039000-7f3fe403a000 r--s 00000000 08:06 9699544                    /home/lizo/.m2/repository/org/springframework/boot/spring-boot-starter-logging/1.5.2.RELEASE/spring-boot-starter-logging-1.5.2.RELEASE.jar
7f3fe403a000-7f3fe403b000 r--s 00000000 08:06 9699541                    /home/lizo/.m2/repository/org/springframework/boot/spring-boot-starter/1.5.2.RELEASE/spring-boot-starter-1.5.2.RELEASE.jar
7f3fe403b000-7f3fe4045000 r--s 00116000 08:05 4327674                    /usr/lib/jvm/java-8-openjdk-amd64/jre/lib/ext/localedata.jar
7f3fe4045000-7f3fe4060000 r--s 001d6000 08:05 4327668                    /usr/lib/jvm/java-8-openjdk-amd64/jre/lib/ext/nashorn.jar
7f3fe4060000-7f3fe407b000 r--s 00394000 08:05 4327671                    /usr/lib/jvm/java-8-openjdk-amd64/jre/lib/ext/cldrdata.jar
7f3fe407b000-7f3fe407e000 ---p 00000000 00:00 0 
7f3fe407e000-7f3fe417c000 rw-p 00000000 00:00 0 
7f3fe417c000-7f3fe417f000 ---p 00000000 00:00 0 
7f3fe417f000-7f3fe427d000 rw-p 00000000 00:00 0 
7f3fe427d000-7f3fe4280000 ---p 00000000 00:00 0 
7f3fe4280000-7f3fe437e000 rw-p 00000000 00:00 0 
7f3fe437e000-7f3fe4381000 ---p 00000000 00:00 0 
7f3fe4381000-7f3fe447f000 rw-p 00000000 00:00 0 
7f3fe447f000-7f3fe4482000 ---p 00000000 00:00 0 
7f3fe4482000-7f3fe4580000 rw-p 00000000 00:00 0 
7f3fe4580000-7f3fe4858000 r--p 00000000 08:05 4195806                    /usr/lib/locale/locale-archive
7f3fe4858000-7f3fe485b000 ---p 00000000 00:00 0 
7f3fe485b000-7f3fe4959000 rw-p 00000000 00:00 0 
7f3fe4959000-7f3fe495c000 ---p 00000000 00:00 0 
7f3fe495c000-7f3fe4a5a000 rw-p 00000000 00:00 0 
7f3fe4a5a000-7f3fe4a5b000 ---p 00000000 00:00 0 
7f3fe4a5b000-7f3fe5aac000 rw-p 00000000 00:00 0 
7f3fe5aac000-7f3fe5c7a000 r--s 03c06000 08:05 4327682                    /usr/lib/jvm/java-8-openjdk-amd64/jre/lib/rt.jar
7f3fe5c7a000-7f3fe8459000 rw-p 00000000 00:00 0 
7f3fe8459000-7f3fe845a000 ---p 00000000 00:00 0 
7f3fe845a000-7f3fe855a000 rw-p 00000000 00:00 0 
7f3fe855a000-7f3fe855b000 ---p 00000000 00:00 0 
7f3fe855b000-7f3fe865b000 rw-p 00000000 00:00 0 
7f3fe865b000-7f3fe865c000 ---p 00000000 00:00 0 
7f3fe865c000-7f3fe875c000 rw-p 00000000 00:00 0 
7f3fe875c000-7f3fe875d000 ---p 00000000 00:00 0 
7f3fe875d000-7f3fe8871000 rw-p 00000000 00:00 0 
7f3fe8871000-7f3fe8998000 ---p 00000000 00:00 0 
7f3fe8998000-7f3fe89b9000 rw-p 00000000 00:00 0 
7f3fe89b9000-7f3fe8a36000 ---p 00000000 00:00 0 
7f3fe8a36000-7f3fe8a4f000 rw-p 00000000 00:00 0 
7f3fe8a4f000-7f3fe8df7000 ---p 00000000 00:00 0 
7f3fe8df7000-7f3fe93c7000 rwxp 00000000 00:00 0 
7f3fe93c7000-7f3ff7df7000 ---p 00000000 00:00 0 
7f3ff7df7000-7f3ff7dff000 r-xp 00000000 08:05 4327627                    /usr/lib/jvm/java-8-openjdk-amd64/jre/lib/amd64/libzip.so
7f3ff7dff000-7f3ff7ffe000 ---p 00008000 08:05 4327627                    /usr/lib/jvm/java-8-openjdk-amd64/jre/lib/amd64/libzip.so
7f3ff7ffe000-7f3ff7fff000 r--p 00007000 08:05 4327627                    /usr/lib/jvm/java-8-openjdk-amd64/jre/lib/amd64/libzip.so
7f3ff7fff000-7f3ff8000000 rw-p 00008000 08:05 4327627                    /usr/lib/jvm/java-8-openjdk-amd64/jre/lib/amd64/libzip.so
7f3ff8000000-7f3ff8ac8000 rw-p 00000000 00:00 0 
7f3ff8ac8000-7f3ffc000000 ---p 00000000 00:00 0 
7f3ffc000000-7f3ffc001000 r--s 00000000 08:06 8520536                    /home/lizo/.m2/repository/org/springframework/boot/spring-boot-starter-jersey/1.5.2.RELEASE/spring-boot-starter-jersey-1.5.2.RELEASE.jar
7f3ffc001000-7f3ffc004000 r--s 0000f000 08:05 4327670                    /usr/lib/jvm/java-8-openjdk-amd64/jre/lib/ext/icedtea-sound.jar
7f3ffc004000-7f3ffc009000 r--s 0003b000 08:05 4327675                    /usr/lib/jvm/java-8-openjdk-amd64/jre/lib/ext/sunjce_provider.jar
7f3ffc009000-7f3ffc080000 rw-p 00000000 00:00 0 
7f3ffc080000-7f3ffc1a8000 ---p 00000000 00:00 0 
7f3ffc1a8000-7f3ffc1b3000 r-xp 00000000 08:05 2621536                    /lib/x86_64-linux-gnu/libnss_files-2.23.so
7f3ffc1b3000-7f3ffc3b2000 ---p 0000b000 08:05 2621536                    /lib/x86_64-linux-gnu/libnss_files-2.23.so
7f3ffc3b2000-7f3ffc3b3000 r--p 0000a000 08:05 2621536                    /lib/x86_64-linux-gnu/libnss_files-2.23.so
7f3ffc3b3000-7f3ffc3b4000 rw-p 0000b000 08:05 2621536                    /lib/x86_64-linux-gnu/libnss_files-2.23.so
7f3ffc3b4000-7f3ffc3ba000 rw-p 00000000 00:00 0 
7f3ffc3ba000-7f3ffc3c5000 r-xp 00000000 08:05 2621529                    /lib/x86_64-linux-gnu/libnss_nis-2.23.so
7f3ffc3c5000-7f3ffc5c4000 ---p 0000b000 08:05 2621529                    /lib/x86_64-linux-gnu/libnss_nis-2.23.so
7f3ffc5c4000-7f3ffc5c5000 r--p 0000a000 08:05 2621529                    /lib/x86_64-linux-gnu/libnss_nis-2.23.so
7f3ffc5c5000-7f3ffc5c6000 rw-p 0000b000 08:05 2621529                    /lib/x86_64-linux-gnu/libnss_nis-2.23.so
7f3ffc5c6000-7f3ffc5dc000 r-xp 00000000 08:05 2621531                    /lib/x86_64-linux-gnu/libnsl-2.23.so
7f3ffc5dc000-7f3ffc7db000 ---p 00016000 08:05 2621531                    /lib/x86_64-linux-gnu/libnsl-2.23.so
7f3ffc7db000-7f3ffc7dc000 r--p 00015000 08:05 2621531                    /lib/x86_64-linux-gnu/libnsl-2.23.so
7f3ffc7dc000-7f3ffc7dd000 rw-p 00016000 08:05 2621531                    /lib/x86_64-linux-gnu/libnsl-2.23.so
7f3ffc7dd000-7f3ffc7df000 rw-p 00000000 00:00 0 
7f3ffc7df000-7f3ffc7e7000 r-xp 00000000 08:05 2621538                    /lib/x86_64-linux-gnu/libnss_compat-2.23.so
7f3ffc7e7000-7f3ffc9e6000 ---p 00008000 08:05 2621538                    /lib/x86_64-linux-gnu/libnss_compat-2.23.so
7f3ffc9e6000-7f3ffc9e7000 r--p 00007000 08:05 2621538                    /lib/x86_64-linux-gnu/libnss_compat-2.23.so
7f3ffc9e7000-7f3ffc9e8000 rw-p 00008000 08:05 2621538                    /lib/x86_64-linux-gnu/libnss_compat-2.23.so
7f3ffc9e8000-7f3ffca15000 r-xp 00000000 08:05 4327654                    /usr/lib/jvm/java-8-openjdk-amd64/jre/lib/amd64/libjava.so
7f3ffca15000-7f3ffcc14000 ---p 0002d000 08:05 4327654                    /usr/lib/jvm/java-8-openjdk-amd64/jre/lib/amd64/libjava.so
7f3ffcc14000-7f3ffcc15000 r--p 0002c000 08:05 4327654                    /usr/lib/jvm/java-8-openjdk-amd64/jre/lib/amd64/libjava.so
7f3ffcc15000-7f3ffcc17000 rw-p 0002d000 08:05 4327654                    /usr/lib/jvm/java-8-openjdk-amd64/jre/lib/amd64/libjava.so
7f3ffcc17000-7f3ffcc26000 r-xp 00000000 08:05 4327620                    /usr/lib/jvm/java-8-openjdk-amd64/jre/lib/amd64/libverify.so
7f3ffcc26000-7f3ffce25000 ---p 0000f000 08:05 4327620                    /usr/lib/jvm/java-8-openjdk-amd64/jre/lib/amd64/libverify.so
7f3ffce25000-7f3ffce27000 r--p 0000e000 08:05 4327620                    /usr/lib/jvm/java-8-openjdk-amd64/jre/lib/amd64/libverify.so
7f3ffce27000-7f3ffce28000 rw-p 00010000 08:05 4327620                    /usr/lib/jvm/java-8-openjdk-amd64/jre/lib/amd64/libverify.so
7f3ffce28000-7f3ffce2f000 r-xp 00000000 08:05 2625915                    /lib/x86_64-linux-gnu/librt-2.23.so
7f3ffce2f000-7f3ffd02e000 ---p 00007000 08:05 2625915                    /lib/x86_64-linux-gnu/librt-2.23.so
7f3ffd02e000-7f3ffd02f000 r--p 00006000 08:05 2625915                    /lib/x86_64-linux-gnu/librt-2.23.so
7f3ffd02f000-7f3ffd030000 rw-p 00007000 08:05 2625915                    /lib/x86_64-linux-gnu/librt-2.23.so
7f3ffd030000-7f3ffd046000 r-xp 00000000 08:05 2626056                    /lib/x86_64-linux-gnu/libgcc_s.so.1
7f3ffd046000-7f3ffd245000 ---p 00016000 08:05 2626056                    /lib/x86_64-linux-gnu/libgcc_s.so.1
7f3ffd245000-7f3ffd246000 rw-p 00015000 08:05 2626056                    /lib/x86_64-linux-gnu/libgcc_s.so.1
7f3ffd246000-7f3ffd34e000 r-xp 00000000 08:05 2621530                    /lib/x86_64-linux-gnu/libm-2.23.so
7f3ffd34e000-7f3ffd54d000 ---p 00108000 08:05 2621530                    /lib/x86_64-linux-gnu/libm-2.23.so
7f3ffd54d000-7f3ffd54e000 r--p 00107000 08:05 2621530                    /lib/x86_64-linux-gnu/libm-2.23.so
7f3ffd54e000-7f3ffd54f000 rw-p 00108000 08:05 2621530                    /lib/x86_64-linux-gnu/libm-2.23.so
7f3ffd54f000-7f3ffd6c1000 r-xp 00000000 08:05 4196481                    /usr/lib/x86_64-linux-gnu/libstdc++.so.6.0.21
7f3ffd6c1000-7f3ffd8c1000 ---p 00172000 08:05 4196481                    /usr/lib/x86_64-linux-gnu/libstdc++.so.6.0.21
7f3ffd8c1000-7f3ffd8cb000 r--p 00172000 08:05 4196481                    /usr/lib/x86_64-linux-gnu/libstdc++.so.6.0.21
7f3ffd8cb000-7f3ffd8cd000 rw-p 0017c000 08:05 4196481                    /usr/lib/x86_64-linux-gnu/libstdc++.so.6.0.21
7f3ffd8cd000-7f3ffd8d1000 rw-p 00000000 00:00 0 
7f3ffd8d1000-7f3ffe521000 r-xp 00000000 08:05 4327649                    /usr/lib/jvm/java-8-openjdk-amd64/jre/lib/amd64/server/libjvm.so
7f3ffe521000-7f3ffe720000 ---p 00c50000 08:05 4327649                    /usr/lib/jvm/java-8-openjdk-amd64/jre/lib/amd64/server/libjvm.so
7f3ffe720000-7f3ffe7b3000 r--p 00c4f000 08:05 4327649                    /usr/lib/jvm/java-8-openjdk-amd64/jre/lib/amd64/server/libjvm.so
7f3ffe7b3000-7f3ffe7dc000 rw-p 00ce2000 08:05 4327649                    /usr/lib/jvm/java-8-openjdk-amd64/jre/lib/amd64/server/libjvm.so
7f3ffe7dc000-7f3ffe80c000 rw-p 00000000 00:00 0 
7f3ffe80c000-7f3ffe824000 r-xp 00000000 08:05 2626037                    /lib/x86_64-linux-gnu/libpthread-2.23.so
7f3ffe824000-7f3ffea23000 ---p 00018000 08:05 2626037                    /lib/x86_64-linux-gnu/libpthread-2.23.so
7f3ffea23000-7f3ffea24000 r--p 00017000 08:05 2626037                    /lib/x86_64-linux-gnu/libpthread-2.23.so
7f3ffea24000-7f3ffea25000 rw-p 00018000 08:05 2626037                    /lib/x86_64-linux-gnu/libpthread-2.23.so
7f3ffea25000-7f3ffea29000 rw-p 00000000 00:00 0 
7f3ffea29000-7f3ffea2c000 r-xp 00000000 08:05 2621528                    /lib/x86_64-linux-gnu/libdl-2.23.so
7f3ffea2c000-7f3ffec2b000 ---p 00003000 08:05 2621528                    /lib/x86_64-linux-gnu/libdl-2.23.so
7f3ffec2b000-7f3ffec2c000 r--p 00002000 08:05 2621528                    /lib/x86_64-linux-gnu/libdl-2.23.so
7f3ffec2c000-7f3ffec2d000 rw-p 00003000 08:05 2621528                    /lib/x86_64-linux-gnu/libdl-2.23.so
7f3ffec2d000-7f3ffec46000 r-xp 00000000 08:05 2626089                    /lib/x86_64-linux-gnu/libz.so.1.2.8
7f3ffec46000-7f3ffee45000 ---p 00019000 08:05 2626089                    /lib/x86_64-linux-gnu/libz.so.1.2.8
7f3ffee45000-7f3ffee46000 r--p 00018000 08:05 2626089                    /lib/x86_64-linux-gnu/libz.so.1.2.8
7f3ffee46000-7f3ffee47000 rw-p 00019000 08:05 2626089                    /lib/x86_64-linux-gnu/libz.so.1.2.8
7f3ffee47000-7f3fff006000 r-xp 00000000 08:05 2621532                    /lib/x86_64-linux-gnu/libc-2.23.so
7f3fff006000-7f3fff206000 ---p 001bf000 08:05 2621532                    /lib/x86_64-linux-gnu/libc-2.23.so
7f3fff206000-7f3fff20a000 r--p 001bf000 08:05 2621532                    /lib/x86_64-linux-gnu/libc-2.23.so
7f3fff20a000-7f3fff20c000 rw-p 001c3000 08:05 2621532                    /lib/x86_64-linux-gnu/libc-2.23.so
7f3fff20c000-7f3fff210000 rw-p 00000000 00:00 0 
7f3fff210000-7f3fff21d000 r-xp 00000000 08:05 4327643                    /usr/lib/jvm/java-8-openjdk-amd64/jre/lib/amd64/jli/libjli.so
7f3fff21d000-7f3fff41d000 ---p 0000d000 08:05 4327643                    /usr/lib/jvm/java-8-openjdk-amd64/jre/lib/amd64/jli/libjli.so
7f3fff41d000-7f3fff41e000 r--p 0000d000 08:05 4327643                    /usr/lib/jvm/java-8-openjdk-amd64/jre/lib/amd64/jli/libjli.so
7f3fff41e000-7f3fff41f000 rw-p 0000e000 08:05 4327643                    /usr/lib/jvm/java-8-openjdk-amd64/jre/lib/amd64/jli/libjli.so
7f3fff41f000-7f3fff445000 r-xp 00000000 08:05 2621533                    /lib/x86_64-linux-gnu/ld-2.23.so
7f3fff445000-7f3fff446000 r--s 0000a000 08:05 4327676                    /usr/lib/jvm/java-8-openjdk-amd64/jre/lib/ext/jaccess.jar
7f3fff446000-7f3fff448000 r--s 00008000 08:05 4327667                    /usr/lib/jvm/java-8-openjdk-amd64/jre/lib/ext/sunec.jar
7f3fff448000-7f3fff44c000 r--s 00037000 08:05 4327673                    /usr/lib/jvm/java-8-openjdk-amd64/jre/lib/ext/sunpkcs11.jar
7f3fff44c000-7f3fff44e000 r--s 00001000 08:05 4327669                    /usr/lib/jvm/java-8-openjdk-amd64/jre/lib/ext/dnsns.jar
7f3fff44e000-7f3fff51e000 rw-p 00000000 00:00 0 
7f3fff51e000-7f3fff521000 ---p 00000000 00:00 0 
7f3fff521000-7f3fff624000 rw-p 00000000 00:00 0 
7f3fff624000-7f3fff625000 r--s 00010000 08:05 4327672                    /usr/lib/jvm/java-8-openjdk-amd64/jre/lib/ext/zipfs.jar
7f3fff625000-7f3fff638000 rw-p 00000000 00:00 0 
7f3fff638000-7f3fff640000 rw-s 00000000 08:05 4985317                    /tmp/hsperfdata_lizo/4443
7f3fff640000-7f3fff641000 rw-p 00000000 00:00 0 
7f3fff641000-7f3fff642000 ---p 00000000 00:00 0 
7f3fff642000-7f3fff644000 rw-p 00000000 00:00 0 
7f3fff644000-7f3fff645000 r--p 00025000 08:05 2621533                    /lib/x86_64-linux-gnu/ld-2.23.so
7f3fff645000-7f3fff646000 rw-p 00026000 08:05 2621533                    /lib/x86_64-linux-gnu/ld-2.23.so
7f3fff646000-7f3fff647000 rw-p 00000000 00:00 0 
7fffa549e000-7fffa54c3000 rw-p 00000000 00:00 0                          [stack]
7fffa558f000-7fffa5591000 r--p 00000000 00:00 0                          [vvar]
7fffa5591000-7fffa5593000 r-xp 00000000 00:00 0                          [vdso]
ffffffffff600000-ffffffffff601000 r-xp 00000000 00:00 0                  [vsyscall]

VM Arguments:
java_command: com.apisec.ApiApplication
java_class_path (initial): /home/lizo/AuthServer/target/classes:/home/lizo/.m2/repository/org/springframework/boot/spring-boot-starter-jersey/1.5.2.RELEASE/spring-boot-starter-jersey-1.5.2.RELEASE.jar:/home/lizo/.m2/repository/org/springframework/boot/spring-boot-starter/1.5.2.RELEASE/spring-boot-starter-1.5.2.RELEASE.jar:/home/lizo/.m2/repository/org/springframework/boot/spring-boot-starter-logging/1.5.2.RELEASE/spring-boot-starter-logging-1.5.2.RELEASE.jar:/home/lizo/.m2/repository/ch/qos/logback/logback-classic/1.1.11/logback-classic-1.1.11.jar:/home/lizo/.m2/repository/ch/qos/logback/logback-core/1.1.11/logback-core-1.1.11.jar:/home/lizo/.m2/repository/org/slf4j/jul-to-slf4j/1.7.24/jul-to-slf4j-1.7.24.jar:/home/lizo/.m2/repository/org/slf4j/log4j-over-slf4j/1.7.24/log4j-over-slf4j-1.7.24.jar:/home/lizo/.m2/repository/org/yaml/snakeyaml/1.17/snakeyaml-1.17.jar:/home/lizo/.m2/repository/org/springframework/boot/spring-boot-starter-tomcat/1.5.2.RELEASE/spring-boot-starter-tomcat-1.5.2.RELEASE.jar:/home/lizo/.m2/repository/org/apache/tomcat/embed/tomcat-embed-core/8.5.11/tomcat-embed-core-8.5.11.jar:/home/lizo/.m2/repository/org/apache/tomcat/embed/tomcat-embed-el/8.5.11/tomcat-embed-el-8.5.11.jar:/home/lizo/.m2/repository/org/apache/tomcat/embed/tomcat-embed-websocket/8.5.11/tomcat-embed-websocket-8.5.11.jar:/home/lizo/.m2/repository/org/springframework/boot/spring-boot-starter-validation/1.5.2.RELEASE/spring-boot-starter-validation-1.5.2.RELEASE.jar:/home/lizo/.m2/repository/com/fasterxml/jackson/core/jackson-databind/2.8.7/jackson-databind-2.8.7.jar:/home/lizo/.m2/repository/com/fasterxml/jackson/core/jackson-annotations/2.8.0/jackson-annotations-2.8.0.jar:/home/lizo/.m2/repository/com/fasterxml/jackson/core/jackson-core/2.8.7/jackson-core-2.8.7.jar:/home/lizo/.m2/repository/org/springframework/spring-web/4.3.7.RELEASE/spring-web-4.3.7.RELEASE.jar:/home/lizo/.m2/repository/org/springframework/spring-aop/4.3.7.RELEASE/spring-aop-4.3.7.RELEASE.jar:/home/lizo/.m2/
Launcher Type: SUN_STANDARD

Environment Variables:
JAVA_HOME=/usr/lib/jvm/java-8-openjdk-amd64
PATH=/home/lizo/bin:/home/lizo/bin:/usr/local/sbin:/usr/local/bin:/usr/sbin:/usr/bin:/sbin:/bin:/usr/games:/usr/local/games:/snap/bin:/snap/bin
SHELL=/bin/bash
DISPLAY=:0

Signal Handlers:
SIGSEGV: [libjvm.so+0xa66fd0], sa_mask[0]=11111111011111111101111111111110, sa_flags=SA_RESTART|SA_SIGINFO
SIGBUS: [libjvm.so+0xa66fd0], sa_mask[0]=11111111011111111101111111111110, sa_flags=SA_RESTART|SA_SIGINFO
SIGFPE: [libjvm.so+0x8b0180], sa_mask[0]=11111111011111111101111111111110, sa_flags=SA_RESTART|SA_SIGINFO
SIGPIPE: [libjvm.so+0x8b0180], sa_mask[0]=11111111011111111101111111111110, sa_flags=SA_RESTART|SA_SIGINFO
SIGXFSZ: [libjvm.so+0x8b0180], sa_mask[0]=11111111011111111101111111111110, sa_flags=SA_RESTART|SA_SIGINFO
SIGILL: [libjvm.so+0x8b0180], sa_mask[0]=11111111011111111101111111111110, sa_flags=SA_RESTART|SA_SIGINFO
SIGUSR1: SIG_DFL, sa_mask[0]=00000000000000000000000000000000, sa_flags=none
SIGUSR2: [libjvm.so+0x8b0030], sa_mask[0]=00100000000000000000000000000000, sa_flags=SA_RESTART|SA_SIGINFO
SIGHUP: [libjvm.so+0x8b0500], sa_mask[0]=11111111011111111101111111111110, sa_flags=SA_RESTART|SA_SIGINFO
SIGINT: [libjvm.so+0x8b0500], sa_mask[0]=11111111011111111101111111111110, sa_flags=SA_RESTART|SA_SIGINFO
SIGTERM: [libjvm.so+0x8b0500], sa_mask[0]=11111111011111111101111111111110, sa_flags=SA_RESTART|SA_SIGINFO
SIGQUIT: [libjvm.so+0x8b0500], sa_mask[0]=11111111011111111101111111111110, sa_flags=SA_RESTART|SA_SIGINFO


---------------  S Y S T E M  ---------------

OS:DISTRIB_ID=Ubuntu
DISTRIB_RELEASE=16.04
DISTRIB_CODENAME=xenial
DISTRIB_DESCRIPTION="Ubuntu 16.04 LTS"

uname:Linux 4.4.0-71-generic #92-Ubuntu SMP Fri Mar 24 12:59:01 UTC 2017 x86_64
libc:glibc 2.23 NPTL 2.23 
rlimit: STACK 8192k, CORE 0k, NPROC 14965, NOFILE 65536, AS infinity
load average:2.52 2.37 1.51

/proc/meminfo:
MemTotal:        3870204 kB
MemFree:          111508 kB
MemAvailable:      21016 kB
Buffers:            2192 kB
Cached:           305224 kB
SwapCached:            0 kB
Active:          3305144 kB
Inactive:         281668 kB
Active(anon):    3293028 kB
Inactive(anon):   259036 kB
Active(file):      12116 kB
Inactive(file):    22632 kB
Unevictable:          32 kB
Mlocked:              32 kB
SwapTotal:             0 kB
SwapFree:              0 kB
Dirty:                96 kB
Writeback:             0 kB
AnonPages:       3279916 kB
Mapped:            81680 kB
Shmem:            272180 kB
Slab:              71556 kB
SReclaimable:      32664 kB
SUnreclaim:        38892 kB
KernelStack:       10960 kB
PageTables:        47508 kB
NFS_Unstable:          0 kB
Bounce:                0 kB
WritebackTmp:          0 kB
CommitLimit:     1935100 kB
Committed_AS:    7869548 kB
VmallocTotal:   34359738367 kB
VmallocUsed:           0 kB
VmallocChunk:          0 kB
HardwareCorrupted:     0 kB
AnonHugePages:   1644544 kB
CmaTotal:              0 kB
CmaFree:               0 kB
HugePages_Total:       0
HugePages_Free:        0
HugePages_Rsvd:        0
HugePages_Surp:        0
Hugepagesize:       2048 kB
DirectMap4k:      151552 kB
DirectMap2M:     3864576 kB


CPU:total 4 (4 cores per cpu, 1 threads per core) family 6 model 76 stepping 4, cmov, cx8, fxsr, mmx, sse, sse2, sse3, ssse3, sse4.1, sse4.2, popcnt, aes, clmul, erms, 3dnowpref, tsc, tscinvbit

/proc/cpuinfo:
processor	: 0
vendor_id	: GenuineIntel
cpu family	: 6
model		: 76
model name	: Intel(R) Pentium(R) CPU  N3710  @ 1.60GHz
stepping	: 4
microcode	: 0x404
cpu MHz		: 1177.625
cache size	: 1024 KB
physical id	: 0
siblings	: 4
core id		: 0
cpu cores	: 4
apicid		: 0
initial apicid	: 0
fpu		: yes
fpu_exception	: yes
cpuid level	: 11
wp		: yes
flags		: fpu vme de pse tsc msr pae mce cx8 apic sep mtrr pge mca cmov pat pse36 clflush dts acpi mmx fxsr sse sse2 ss ht tm pbe syscall nx rdtscp lm constant_tsc arch_perfmon pebs bts rep_good nopl xtopology nonstop_tsc aperfmperf pni pclmulqdq dtes64 monitor ds_cpl vmx est tm2 ssse3 cx16 xtpr pdcm sse4_1 sse4_2 movbe popcnt tsc_deadline_timer aes rdrand lahf_lm 3dnowprefetch epb tpr_shadow vnmi flexpriority ept vpid tsc_adjust smep erms dtherm ida arat
bugs		:
bogomips	: 3199.84
clflush size	: 64
cache_alignment	: 64
address sizes	: 36 bits physical, 48 bits virtual
power management:

processor	: 1
vendor_id	: GenuineIntel
cpu family	: 6
model		: 76
model name	: Intel(R) Pentium(R) CPU  N3710  @ 1.60GHz
stepping	: 4
microcode	: 0x404
cpu MHz		: 1401.375
cache size	: 1024 KB
physical id	: 0
siblings	: 4
core id		: 1
cpu cores	: 4
apicid		: 2
initial apicid	: 2
fpu		: yes
fpu_exception	: yes
cpuid level	: 11
wp		: yes
flags		: fpu vme de pse tsc msr pae mce cx8 apic sep mtrr pge mca cmov pat pse36 clflush dts acpi mmx fxsr sse sse2 ss ht tm pbe syscall nx rdtscp lm constant_tsc arch_perfmon pebs bts rep_good nopl xtopology nonstop_tsc aperfmperf pni pclmulqdq dtes64 monitor ds_cpl vmx est tm2 ssse3 cx16 xtpr pdcm sse4_1 sse4_2 movbe popcnt tsc_deadline_timer aes rdrand lahf_lm 3dnowprefetch epb tpr_shadow vnmi flexpriority ept vpid tsc_adjust smep erms dtherm ida arat
bugs		:
bogomips	: 3199.84
clflush size	: 64
cache_alignment	: 64
address sizes	: 36 bits physical, 48 bits virtual
power management:

processor	: 2
vendor_id	: GenuineIntel
cpu family	: 6
model		: 76
model name	: Intel(R) Pentium(R) CPU  N3710  @ 1.60GHz
stepping	: 4
microcode	: 0x404
cpu MHz		: 1438.625
cache size	: 1024 KB
physical id	: 0
siblings	: 4
core id		: 2
cpu cores	: 4
apicid		: 4
initial apicid	: 4
fpu		: yes
fpu_exception	: yes
cpuid level	: 11
wp		: yes
flags		: fpu vme de pse tsc msr pae mce cx8 apic sep mtrr pge mca cmov pat pse36 clflush dts acpi mmx fxsr sse sse2 ss ht tm pbe syscall nx rdtscp lm constant_tsc arch_perfmon pebs bts rep_good nopl xtopology nonstop_tsc aperfmperf pni pclmulqdq dtes64 monitor ds_cpl vmx est tm2 ssse3 cx16 xtpr pdcm sse4_1 sse4_2 movbe popcnt tsc_deadline_timer aes rdrand lahf_lm 3dnowprefetch epb tpr_shadow vnmi flexpriority ept vpid tsc_adjust smep erms dtherm ida arat
bugs		:
bogomips	: 3199.84
clflush size	: 64
cache_alignment	: 64
address sizes	: 36 bits physical, 48 bits virtual
power management:

processor	: 3
vendor_id	: GenuineIntel
cpu family	: 6
model		: 76
model name	: Intel(R) Pentium(R) CPU  N3710  @ 1.60GHz
stepping	: 4
microcode	: 0x404
cpu MHz		: 1325.187
cache size	: 1024 KB
physical id	: 0
siblings	: 4
core id		: 3
cpu cores	: 4
apicid		: 6
initial apicid	: 6
fpu		: yes
fpu_exception	: yes
cpuid level	: 11
wp		: yes
flags		: fpu vme de pse tsc msr pae mce cx8 apic sep mtrr pge mca cmov pat pse36 clflush dts acpi mmx fxsr sse sse2 ss ht tm pbe syscall nx rdtscp lm constant_tsc arch_perfmon pebs bts rep_good nopl xtopology nonstop_tsc aperfmperf pni pclmulqdq dtes64 monitor ds_cpl vmx est tm2 ssse3 cx16 xtpr pdcm sse4_1 sse4_2 movbe popcnt tsc_deadline_timer aes rdrand lahf_lm 3dnowprefetch epb tpr_shadow vnmi flexpriority ept vpid tsc_adjust smep erms dtherm ida arat
bugs		:
bogomips	: 3199.84
clflush size	: 64
cache_alignment	: 64
address sizes	: 36 bits physical, 48 bits virtual
power management:



Memory: 4k page, physical 3870204k(111508k free), swap 0k(0k free)

vm_info: OpenJDK 64-Bit Server VM (25.121-b13) for linux-amd64 JRE (1.8.0_121-8u121-b13-0ubuntu1.16.04.2-b13), built on Jan 23 2017 15:51:29 by "buildd" with gcc 5.4.0 20160609

time: Sun Oct 22 13:48:50 2017
elapsed time: 14 seconds (0d 0h 0m 14s)

